<?xml version="1.0" encoding="UTF-8"?>
<!-- Generated by org.testng.reporters.JUnitXMLReporter -->
<testsuite ignored="0" hostname="Nirus-MacBook-Pro.local" failures="0" tests="5" name="Default test" time="0.074" errors="0" timestamp="2021-12-06T12:22:32 CST">
  <testcase classname="com.testNg.testNgAnnotations" name="Testcase41" time="0.005"/>
  <testcase classname="com.testNg.testNgAnnotations" name="testcase1" time="0.001"/>
  <testcase classname="com.testNg.testNgAnnotations" name="testcase2" time="0.002"/>
  <testcase classname="com.testNg.testNgAnnotations" name="testcase3" time="0.0"/>
  <testcase classname="com.testNg.testNgAnnotations" name="testcase5" time="0.002"/>
</testsuite> <!-- Default test -->
