<?xml version="1.0" encoding="UTF-8"?>
<testng-results ignored="0" total="5" passed="5" failed="0" skipped="0">
  <reporter-output>
  </reporter-output>
  <suite started-at="2021-12-06T12:22:32 CST" name="Default suite" finished-at="2021-12-06T12:22:32 CST" duration-ms="74">
    <groups>
    </groups>
    <test started-at="2021-12-06T12:22:32 CST" name="Default test" finished-at="2021-12-06T12:22:32 CST" duration-ms="74">
      <class name="com.testNg.testNgAnnotations">
        <test-method is-config="true" signature="beforeSuite()[pri:0, instance:com.testNg.testNgAnnotations@27c86f2d]" started-at="2021-12-06T12:22:32 CST" name="beforeSuite" finished-at="2021-12-06T12:22:32 CST" duration-ms="5" status="PASS">
          <reporter-output>
          </reporter-output>
        </test-method> <!-- beforeSuite -->
        <test-method is-config="true" signature="beforeTest()[pri:0, instance:com.testNg.testNgAnnotations@27c86f2d]" started-at="2021-12-06T12:22:32 CST" name="beforeTest" finished-at="2021-12-06T12:22:32 CST" duration-ms="0" status="PASS">
          <reporter-output>
          </reporter-output>
        </test-method> <!-- beforeTest -->
        <test-method is-config="true" signature="beforeClass()[pri:0, instance:com.testNg.testNgAnnotations@27c86f2d]" started-at="2021-12-06T12:22:32 CST" name="beforeClass" finished-at="2021-12-06T12:22:32 CST" duration-ms="0" status="PASS">
          <reporter-output>
          </reporter-output>
        </test-method> <!-- beforeClass -->
        <test-method is-config="true" signature="beforeMethod()[pri:0, instance:com.testNg.testNgAnnotations@27c86f2d]" started-at="2021-12-06T12:22:32 CST" name="beforeMethod" finished-at="2021-12-06T12:22:32 CST" duration-ms="0" status="PASS">
          <reporter-output>
          </reporter-output>
        </test-method> <!-- beforeMethod -->
        <test-method signature="Testcase41()[pri:0, instance:com.testNg.testNgAnnotations@27c86f2d]" started-at="2021-12-06T12:22:32 CST" name="Testcase41" finished-at="2021-12-06T12:22:32 CST" duration-ms="5" status="PASS">
          <reporter-output>
          </reporter-output>
        </test-method> <!-- Testcase41 -->
        <test-method is-config="true" signature="afterMethod()[pri:0, instance:com.testNg.testNgAnnotations@27c86f2d]" started-at="2021-12-06T12:22:32 CST" name="afterMethod" finished-at="2021-12-06T12:22:32 CST" duration-ms="0" status="PASS">
          <reporter-output>
          </reporter-output>
        </test-method> <!-- afterMethod -->
        <test-method is-config="true" signature="beforeMethod()[pri:0, instance:com.testNg.testNgAnnotations@27c86f2d]" started-at="2021-12-06T12:22:32 CST" name="beforeMethod" finished-at="2021-12-06T12:22:32 CST" duration-ms="0" status="PASS">
          <reporter-output>
          </reporter-output>
        </test-method> <!-- beforeMethod -->
        <test-method signature="testcase1()[pri:0, instance:com.testNg.testNgAnnotations@27c86f2d]" started-at="2021-12-06T12:22:32 CST" name="testcase1" finished-at="2021-12-06T12:22:32 CST" duration-ms="1" status="PASS">
          <reporter-output>
          </reporter-output>
        </test-method> <!-- testcase1 -->
        <test-method is-config="true" signature="afterMethod()[pri:0, instance:com.testNg.testNgAnnotations@27c86f2d]" started-at="2021-12-06T12:22:32 CST" name="afterMethod" finished-at="2021-12-06T12:22:32 CST" duration-ms="1" status="PASS">
          <reporter-output>
          </reporter-output>
        </test-method> <!-- afterMethod -->
        <test-method is-config="true" signature="beforeMethod()[pri:0, instance:com.testNg.testNgAnnotations@27c86f2d]" started-at="2021-12-06T12:22:32 CST" name="beforeMethod" finished-at="2021-12-06T12:22:32 CST" duration-ms="1" status="PASS">
          <reporter-output>
          </reporter-output>
        </test-method> <!-- beforeMethod -->
        <test-method signature="testcase2()[pri:0, instance:com.testNg.testNgAnnotations@27c86f2d]" started-at="2021-12-06T12:22:32 CST" name="testcase2" finished-at="2021-12-06T12:22:32 CST" duration-ms="2" status="PASS">
          <reporter-output>
          </reporter-output>
        </test-method> <!-- testcase2 -->
        <test-method is-config="true" signature="afterMethod()[pri:0, instance:com.testNg.testNgAnnotations@27c86f2d]" started-at="2021-12-06T12:22:32 CST" name="afterMethod" finished-at="2021-12-06T12:22:32 CST" duration-ms="1" status="PASS">
          <reporter-output>
          </reporter-output>
        </test-method> <!-- afterMethod -->
        <test-method is-config="true" signature="beforeMethod()[pri:0, instance:com.testNg.testNgAnnotations@27c86f2d]" started-at="2021-12-06T12:22:32 CST" name="beforeMethod" finished-at="2021-12-06T12:22:32 CST" duration-ms="1" status="PASS">
          <reporter-output>
          </reporter-output>
        </test-method> <!-- beforeMethod -->
        <test-method signature="testcase3()[pri:0, instance:com.testNg.testNgAnnotations@27c86f2d]" started-at="2021-12-06T12:22:32 CST" name="testcase3" finished-at="2021-12-06T12:22:32 CST" duration-ms="0" status="PASS">
          <reporter-output>
          </reporter-output>
        </test-method> <!-- testcase3 -->
        <test-method is-config="true" signature="afterMethod()[pri:0, instance:com.testNg.testNgAnnotations@27c86f2d]" started-at="2021-12-06T12:22:32 CST" name="afterMethod" finished-at="2021-12-06T12:22:32 CST" duration-ms="1" status="PASS">
          <reporter-output>
          </reporter-output>
        </test-method> <!-- afterMethod -->
        <test-method is-config="true" signature="beforeMethod()[pri:0, instance:com.testNg.testNgAnnotations@27c86f2d]" started-at="2021-12-06T12:22:32 CST" name="beforeMethod" finished-at="2021-12-06T12:22:32 CST" duration-ms="0" status="PASS">
          <reporter-output>
          </reporter-output>
        </test-method> <!-- beforeMethod -->
        <test-method signature="testcase5()[pri:0, instance:com.testNg.testNgAnnotations@27c86f2d]" started-at="2021-12-06T12:22:32 CST" name="testcase5" finished-at="2021-12-06T12:22:32 CST" duration-ms="2" status="PASS">
          <reporter-output>
          </reporter-output>
        </test-method> <!-- testcase5 -->
        <test-method is-config="true" signature="afterMethod()[pri:0, instance:com.testNg.testNgAnnotations@27c86f2d]" started-at="2021-12-06T12:22:32 CST" name="afterMethod" finished-at="2021-12-06T12:22:32 CST" duration-ms="1" status="PASS">
          <reporter-output>
          </reporter-output>
        </test-method> <!-- afterMethod -->
        <test-method is-config="true" signature="afterClass()[pri:0, instance:com.testNg.testNgAnnotations@27c86f2d]" started-at="2021-12-06T12:22:32 CST" name="afterClass" finished-at="2021-12-06T12:22:32 CST" duration-ms="1" status="PASS">
          <reporter-output>
          </reporter-output>
        </test-method> <!-- afterClass -->
        <test-method is-config="true" signature="afterTest()[pri:0, instance:com.testNg.testNgAnnotations@27c86f2d]" started-at="2021-12-06T12:22:32 CST" name="afterTest" finished-at="2021-12-06T12:22:32 CST" duration-ms="1" status="PASS">
          <reporter-output>
          </reporter-output>
        </test-method> <!-- afterTest -->
        <test-method is-config="true" signature="afterSuite()[pri:0, instance:com.testNg.testNgAnnotations@27c86f2d]" started-at="2021-12-06T12:22:32 CST" name="afterSuite" finished-at="2021-12-06T12:22:32 CST" duration-ms="0" status="PASS">
          <reporter-output>
          </reporter-output>
        </test-method> <!-- afterSuite -->
      </class> <!-- com.testNg.testNgAnnotations -->
    </test> <!-- Default test -->
  </suite> <!-- Default suite -->
</testng-results>
